2025-01-13 20:28:46.159 | INFO     | utils.utils_logger:<module>:38 - Logging to file: logs\project_log.log
2025-01-13 20:28:46.161 | INFO     | __main__:main:106 - START producer...
2025-01-13 20:28:46.162 | INFO     | __main__:main:107 - Hit CTRL c (or CMD c) to close.
2025-01-13 20:28:46.162 | INFO     | __main__:get_message_interval:53 - Messages will be sent every 3 seconds.
2025-01-13 20:28:46.163 | INFO     | __main__:main:114 - I just saw a story! It was funny.
2025-01-13 20:28:49.164 | INFO     | __main__:main:114 - I just shared a meme! It was weird.
2025-01-13 20:28:52.168 | INFO     | __main__:main:114 - I just found an app! It was amazing.
2025-01-13 20:28:55.178 | INFO     | __main__:main:114 - I just loved a meme! It was amazing.
2025-01-13 20:28:58.180 | INFO     | __main__:main:114 - I just shared an app! It was amazing.
2025-01-13 20:29:01.182 | INFO     | __main__:main:114 - I just shared a trick! It was amazing.
2025-01-13 20:29:04.184 | INFO     | __main__:main:114 - I just shared a movie! It was weird.
2025-01-13 20:29:07.185 | INFO     | __main__:main:114 - I just found a trick! It was boring.
2025-01-13 20:29:10.186 | INFO     | __main__:main:114 - I just loved a trick! It was amazing.
2025-01-13 20:29:13.187 | INFO     | __main__:main:114 - I just shared a trick! It was exciting.
2025-01-13 20:29:16.189 | INFO     | __main__:main:114 - I just saw a movie! It was exciting.
2025-01-13 20:29:19.190 | INFO     | __main__:main:114 - I just saw a movie! It was funny.
2025-01-13 20:29:22.191 | INFO     | __main__:main:114 - I just found an app! It was weird.
2025-01-13 20:29:25.193 | INFO     | __main__:main:114 - I just found a trick! It was exciting.
2025-01-13 20:29:28.194 | INFO     | __main__:main:114 - I just saw a story! It was funny.
2025-01-13 20:29:31.196 | INFO     | __main__:main:114 - I just loved a movie! It was amazing.
2025-01-13 20:29:34.198 | INFO     | __main__:main:114 - I just loved a story! It was exciting.
2025-01-13 20:29:37.199 | INFO     | __main__:main:114 - I just found a story! It was amazing.
2025-01-13 20:29:40.200 | INFO     | __main__:main:114 - I just saw a meme! It was weird.
2025-01-13 20:29:43.201 | INFO     | __main__:main:114 - I just found an app! It was weird.
2025-01-13 20:29:46.203 | INFO     | __main__:main:114 - I just tried a movie! It was boring.
2025-01-13 20:29:49.206 | INFO     | __main__:main:114 - I just saw a trick! It was funny.
2025-01-13 20:29:52.207 | INFO     | __main__:main:114 - I just found a movie! It was amazing.
2025-01-13 20:29:55.209 | INFO     | __main__:main:114 - I just found a story! It was exciting.
2025-01-13 20:29:58.211 | INFO     | __main__:main:114 - I just tried an app! It was weird.
2025-01-13 20:30:01.212 | INFO     | __main__:main:114 - I just tried a meme! It was boring.
2025-01-13 20:30:04.250 | INFO     | __main__:main:114 - I just saw an app! It was exciting.
2025-01-13 20:30:07.257 | INFO     | __main__:main:114 - I just saw an app! It was funny.
2025-01-13 20:30:10.258 | INFO     | __main__:main:114 - I just loved an app! It was weird.
2025-01-13 20:30:13.260 | INFO     | __main__:main:114 - I just tried an app! It was exciting.
2025-01-13 20:30:16.263 | INFO     | __main__:main:114 - I just tried a meme! It was funny.
2025-01-13 20:30:19.265 | INFO     | __main__:main:114 - I just found a meme! It was amazing.
2025-01-13 20:30:22.272 | INFO     | __main__:main:114 - I just shared a meme! It was funny.
2025-01-13 20:30:25.274 | INFO     | __main__:main:114 - I just tried a movie! It was exciting.
2025-01-13 20:30:28.276 | INFO     | __main__:main:114 - I just shared a meme! It was funny.
2025-01-13 20:30:31.281 | INFO     | __main__:main:114 - I just loved a story! It was amazing.
2025-01-13 20:30:34.283 | INFO     | __main__:main:114 - I just tried a meme! It was funny.
2025-01-13 20:30:37.287 | INFO     | __main__:main:114 - I just loved a trick! It was exciting.
2025-01-13 20:30:40.302 | INFO     | __main__:main:114 - I just found a trick! It was amazing.
2025-01-13 20:30:43.305 | INFO     | __main__:main:114 - I just tried a trick! It was exciting.
2025-01-13 20:30:46.313 | INFO     | __main__:main:114 - I just found an app! It was weird.
2025-01-13 20:30:49.351 | INFO     | __main__:main:114 - I just tried a trick! It was funny.
2025-01-13 20:30:52.353 | INFO     | __main__:main:114 - I just found a meme! It was boring.
2025-01-13 20:30:55.357 | INFO     | __main__:main:114 - I just saw a meme! It was exciting.
2025-01-13 20:30:56.913 | INFO     | utils.utils_logger:<module>:38 - Logging to file: logs\project_log.log
2025-01-13 20:30:58.360 | INFO     | __main__:main:114 - I just loved a trick! It was boring.
2025-01-13 20:31:01.362 | INFO     | __main__:main:114 - I just tried an app! It was weird.
2025-01-13 20:31:04.365 | INFO     | __main__:main:114 - I just saw a story! It was boring.
2025-01-13 20:31:07.369 | INFO     | __main__:main:114 - I just tried a meme! It was amazing.
2025-01-13 20:31:10.374 | INFO     | __main__:main:114 - I just found a meme! It was funny.
2025-01-13 20:31:13.379 | INFO     | __main__:main:114 - I just saw a trick! It was amazing.
2025-01-13 20:31:16.385 | INFO     | __main__:main:114 - I just shared a story! It was amazing.
2025-01-13 20:31:19.390 | INFO     | __main__:main:114 - I just tried an app! It was funny.
2025-01-13 20:31:22.394 | INFO     | __main__:main:114 - I just saw an app! It was exciting.
2025-01-13 20:31:25.398 | INFO     | __main__:main:114 - I just saw a meme! It was weird.
2025-01-13 20:31:28.402 | INFO     | __main__:main:114 - I just tried a movie! It was exciting.
2025-01-13 20:31:31.404 | INFO     | __main__:main:114 - I just found an app! It was exciting.
2025-01-13 20:31:34.407 | INFO     | __main__:main:114 - I just saw an app! It was funny.
2025-01-13 20:31:37.413 | INFO     | __main__:main:114 - I just shared a story! It was amazing.
2025-01-13 20:31:40.416 | INFO     | __main__:main:114 - I just saw an app! It was exciting.
2025-01-13 20:31:43.418 | INFO     | __main__:main:114 - I just found a trick! It was funny.
2025-01-13 20:31:46.421 | INFO     | __main__:main:114 - I just found a trick! It was weird.
2025-01-13 20:31:49.423 | INFO     | __main__:main:114 - I just tried a trick! It was funny.
2025-01-13 20:31:52.426 | INFO     | __main__:main:114 - I just found a story! It was weird.
2025-01-13 20:31:55.429 | INFO     | __main__:main:114 - I just shared a story! It was boring.
2025-01-13 20:31:58.430 | INFO     | __main__:main:114 - I just loved an app! It was exciting.
2025-01-13 20:32:01.431 | INFO     | __main__:main:114 - I just loved a trick! It was weird.
2025-01-13 20:32:04.433 | INFO     | __main__:main:114 - I just tried a story! It was amazing.
2025-01-13 20:32:07.434 | INFO     | __main__:main:114 - I just found an app! It was weird.
2025-01-13 20:32:10.436 | INFO     | __main__:main:114 - I just shared a meme! It was weird.
2025-01-13 20:32:13.437 | INFO     | __main__:main:114 - I just shared a meme! It was weird.
2025-01-13 20:32:16.439 | INFO     | __main__:main:114 - I just saw a movie! It was boring.
2025-01-13 20:32:19.440 | INFO     | __main__:main:114 - I just shared a trick! It was boring.
2025-01-13 20:32:22.442 | INFO     | __main__:main:114 - I just loved a movie! It was amazing.
2025-01-13 20:32:25.444 | INFO     | __main__:main:114 - I just shared an app! It was amazing.
2025-01-13 20:32:28.446 | INFO     | __main__:main:114 - I just tried a meme! It was boring.
2025-01-13 20:32:31.449 | INFO     | __main__:main:114 - I just tried a trick! It was amazing.
2025-01-13 20:32:34.452 | INFO     | __main__:main:114 - I just shared a trick! It was amazing.
2025-01-13 20:32:37.453 | INFO     | __main__:main:114 - I just loved a movie! It was funny.
2025-01-13 20:32:40.455 | INFO     | __main__:main:114 - I just saw a story! It was exciting.
2025-01-13 20:32:41.445 | INFO     | utils.utils_logger:<module>:38 - Logging to file: logs\project_log.log
2025-01-13 20:32:41.445 | INFO     | __main__:main:68 - START...
2025-01-13 20:32:41.445 | INFO     | __main__:main:74 - Reading file located at logs\project_log.log.
2025-01-13 20:32:43.457 | INFO     | __main__:main:114 - I just shared a story! It was boring.
2025-01-13 20:32:46.461 | INFO     | __main__:main:114 - I just loved a meme! It was weird.
2025-01-13 20:32:49.463 | INFO     | __main__:main:114 - I just shared a meme! It was amazing.
2025-01-13 20:32:52.465 | INFO     | __main__:main:114 - I just loved a trick! It was exciting.
2025-01-13 20:32:55.468 | INFO     | __main__:main:114 - I just saw a movie! It was boring.
2025-01-13 20:32:58.471 | INFO     | __main__:main:114 - I just tried an app! It was boring.
2025-01-13 20:33:01.473 | INFO     | __main__:main:114 - I just saw a meme! It was funny.
2025-01-13 20:33:04.475 | INFO     | __main__:main:114 - I just shared a meme! It was amazing.
2025-01-13 20:33:07.478 | INFO     | __main__:main:114 - I just tried a trick! It was exciting.
2025-01-13 20:33:10.480 | INFO     | __main__:main:114 - I just shared a story! It was boring.
2025-01-13 20:33:13.481 | INFO     | __main__:main:114 - I just saw an app! It was amazing.
2025-01-13 20:33:16.483 | INFO     | __main__:main:114 - I just shared a story! It was boring.
2025-01-13 20:33:19.484 | INFO     | __main__:main:114 - I just shared a meme! It was exciting.
2025-01-13 20:33:22.485 | INFO     | __main__:main:114 - I just shared a story! It was exciting.
2025-01-13 20:33:25.489 | INFO     | __main__:main:114 - I just shared a meme! It was boring.
2025-01-13 20:33:28.490 | INFO     | __main__:main:114 - I just loved a movie! It was weird.
2025-01-13 20:33:31.491 | INFO     | __main__:main:114 - I just saw a movie! It was boring.
2025-01-13 20:33:34.492 | INFO     | __main__:main:114 - I just tried a movie! It was boring.
2025-01-13 20:33:37.494 | INFO     | __main__:main:114 - I just tried an app! It was weird.
2025-01-13 20:33:40.496 | INFO     | __main__:main:114 - I just tried a trick! It was boring.
2025-01-13 20:33:43.500 | INFO     | __main__:main:114 - I just shared a story! It was weird.
2025-01-13 20:33:46.506 | INFO     | __main__:main:114 - I just saw a movie! It was weird.
2025-01-13 20:33:49.518 | INFO     | __main__:main:114 - I just tried an app! It was amazing.
2025-01-13 20:33:52.521 | INFO     | __main__:main:114 - I just found a trick! It was boring.
2025-01-13 20:33:55.523 | INFO     | __main__:main:114 - I just shared a meme! It was funny.
2025-01-13 20:33:58.526 | INFO     | __main__:main:114 - I just tried a story! It was exciting.
2025-01-13 20:34:01.529 | INFO     | __main__:main:114 - I just found a meme! It was funny.
2025-01-13 20:34:04.530 | INFO     | __main__:main:114 - I just loved a story! It was exciting.
2025-01-13 20:34:07.534 | INFO     | __main__:main:114 - I just saw an app! It was weird.
2025-01-13 20:34:10.537 | INFO     | __main__:main:114 - I just shared a trick! It was funny.
2025-01-13 20:34:13.540 | INFO     | __main__:main:114 - I just loved a trick! It was amazing.
2025-01-13 20:34:16.543 | INFO     | __main__:main:114 - I just shared an app! It was funny.
2025-01-13 20:34:19.546 | INFO     | __main__:main:114 - I just saw a story! It was exciting.
2025-01-13 20:34:22.549 | INFO     | __main__:main:114 - I just loved a trick! It was weird.
2025-01-13 20:34:25.551 | INFO     | __main__:main:114 - I just shared a story! It was weird.
2025-01-13 20:34:28.565 | INFO     | __main__:main:114 - I just saw a trick! It was boring.
2025-01-13 20:34:29.294 | INFO     | __main__:main:85 - END.....
2025-01-13 20:34:31.613 | INFO     | __main__:main:114 - I just tried an app! It was weird.
2025-01-13 20:34:34.655 | INFO     | __main__:main:114 - I just loved a story! It was amazing.
2025-01-13 20:34:37.657 | INFO     | __main__:main:114 - I just saw a movie! It was exciting.
2025-01-13 20:34:40.659 | INFO     | __main__:main:114 - I just loved a meme! It was exciting.
2025-01-15 20:46:32.468 | INFO     | utils.utils_logger:<module>:38 - Logging to file: logs\project_log.log
2025-01-15 20:46:32.489 | INFO     | __main__:main:106 - START producer...
2025-01-15 20:46:32.490 | INFO     | __main__:main:107 - Hit CTRL c (or CMD c) to close.
2025-01-15 20:46:32.490 | INFO     | __main__:get_message_interval:53 - Messages will be sent every 3 seconds.
2025-01-15 20:46:32.491 | INFO     | __main__:main:114 - On, Sunday, the high will be 72 and partly cloudy.
2025-01-15 20:46:35.492 | INFO     | __main__:main:114 - On, Saturday, the high will be 64 and sunny.
2025-01-15 20:46:38.493 | INFO     | __main__:main:114 - On, Saturday, the high will be 75 and sunny.
2025-01-15 20:47:27.696 | INFO     | utils.utils_logger:<module>:38 - Logging to file: logs\project_log.log
2025-01-15 20:47:27.698 | INFO     | __main__:main:106 - START producer...
2025-01-15 20:47:27.708 | INFO     | __main__:main:107 - Hit CTRL c (or CMD c) to close.
2025-01-15 20:47:27.709 | INFO     | __main__:get_message_interval:53 - Messages will be sent every 3 seconds.
2025-01-15 20:47:27.710 | INFO     | __main__:main:114 - On Thursday, the high will be 80 and mostly cloudy.
2025-01-15 20:47:30.745 | INFO     | __main__:main:114 - On Sunday, the high will be 75 and sunny.
2025-01-15 20:47:33.748 | INFO     | __main__:main:114 - On Friday, the high will be 79 and mostly cloudy.
2025-01-15 20:47:36.750 | INFO     | __main__:main:114 - On Tuesday, the high will be 80 and cloudy.
2025-01-15 20:47:39.751 | INFO     | __main__:main:114 - On Saturday, the high will be 79 and mostly cloudy.
2025-01-15 20:47:42.753 | INFO     | __main__:main:114 - On Monday, the high will be 75 and mostly cloudy.
2025-01-15 20:47:45.755 | INFO     | __main__:main:114 - On Tuesday, the high will be 72 and mostly cloudy.
2025-01-15 20:47:48.757 | INFO     | __main__:main:114 - On Friday, the high will be 64 and mostly cloudy.
2025-01-15 20:47:51.763 | INFO     | __main__:main:114 - On Sunday, the high will be 72 and sunny.
2025-01-15 20:47:54.765 | INFO     | __main__:main:114 - On Monday, the high will be 75 and cloudy.
2025-01-15 20:47:57.773 | INFO     | __main__:main:114 - On Saturday, the high will be 72 and cloudy.
2025-01-15 20:48:00.782 | INFO     | __main__:main:114 - On Monday, the high will be 80 and mostly cloudy.
2025-01-15 20:48:03.784 | INFO     | __main__:main:114 - On Tuesday, the high will be 75 and partly cloudy.
2025-01-15 20:48:06.786 | INFO     | __main__:main:114 - On Thursday, the high will be 75 and partly cloudy.
2025-01-15 20:48:09.791 | INFO     | __main__:main:114 - On Tuesday, the high will be 72 and cloudy.
2025-01-15 20:48:12.808 | INFO     | __main__:main:114 - On Wednesday, the high will be 72 and mostly cloudy.
2025-01-15 20:48:15.811 | INFO     | __main__:main:114 - On Sunday, the high will be 64 and mostly cloudy.
2025-01-15 20:48:18.864 | INFO     | __main__:main:114 - On Sunday, the high will be 79 and mostly cloudy.
2025-01-15 20:48:21.866 | INFO     | __main__:main:114 - On Monday, the high will be 79 and sunny.
2025-01-15 20:48:24.868 | INFO     | __main__:main:114 - On Saturday, the high will be 75 and mostly cloudy.
2025-01-15 20:48:27.870 | INFO     | __main__:main:114 - On Thursday, the high will be 79 and mostly cloudy.
2025-01-15 20:48:30.872 | INFO     | __main__:main:114 - On Sunday, the high will be 65 and mostly cloudy.
2025-01-15 20:48:33.894 | INFO     | __main__:main:114 - On Sunday, the high will be 79 and sunny.
2025-01-15 20:48:36.897 | INFO     | __main__:main:114 - On Monday, the high will be 75 and partly cloudy.
2025-01-15 20:48:39.899 | INFO     | __main__:main:114 - On Thursday, the high will be 64 and mostly cloudy.
2025-01-15 20:48:42.903 | INFO     | __main__:main:114 - On Friday, the high will be 75 and cloudy.
2025-01-15 20:48:45.904 | INFO     | __main__:main:114 - On Monday, the high will be 64 and mostly cloudy.
2025-01-15 20:48:48.906 | INFO     | __main__:main:114 - On Monday, the high will be 64 and mostly cloudy.
2025-01-15 20:48:51.909 | INFO     | __main__:main:114 - On Tuesday, the high will be 79 and mostly cloudy.
2025-01-15 20:48:54.911 | INFO     | __main__:main:114 - On Wednesday, the high will be 64 and cloudy.
2025-01-15 20:48:57.913 | INFO     | __main__:main:114 - On Thursday, the high will be 79 and cloudy.
2025-01-15 20:49:00.914 | INFO     | __main__:main:114 - On Wednesday, the high will be 72 and partly cloudy.
2025-01-15 20:49:03.916 | INFO     | __main__:main:114 - On Wednesday, the high will be 64 and partly cloudy.
2025-01-15 20:49:06.919 | INFO     | __main__:main:114 - On Thursday, the high will be 80 and sunny.
2025-01-15 20:49:09.921 | INFO     | __main__:main:114 - On Wednesday, the high will be 64 and cloudy.
2025-01-15 20:49:12.923 | INFO     | __main__:main:114 - On Thursday, the high will be 72 and partly cloudy.
2025-01-15 20:49:15.925 | INFO     | __main__:main:114 - On Friday, the high will be 79 and partly cloudy.
2025-01-15 20:49:18.926 | INFO     | __main__:main:114 - On Friday, the high will be 75 and mostly cloudy.
2025-01-15 20:49:19.666 | INFO     | utils.utils_logger:<module>:38 - Logging to file: logs\project_log.log
2025-01-15 20:49:19.666 | INFO     | __main__:main:68 - START...
2025-01-15 20:49:19.667 | INFO     | __main__:main:74 - Reading file located at logs\project_log.log.
2025-01-15 20:49:21.933 | INFO     | __main__:main:114 - On Friday, the high will be 80 and mostly cloudy.
2025-01-15 20:49:24.935 | INFO     | __main__:main:114 - On Friday, the high will be 72 and mostly cloudy.
2025-01-15 20:49:27.937 | INFO     | __main__:main:114 - On Friday, the high will be 80 and cloudy.
2025-01-15 20:49:30.938 | INFO     | __main__:main:114 - On Monday, the high will be 75 and sunny.
2025-01-15 20:49:33.941 | INFO     | __main__:main:114 - On Friday, the high will be 65 and mostly cloudy.
2025-01-15 20:49:36.943 | INFO     | __main__:main:114 - On Wednesday, the high will be 80 and mostly cloudy.
2025-01-15 20:49:39.944 | INFO     | __main__:main:114 - On Sunday, the high will be 65 and cloudy.
2025-01-15 20:49:42.946 | INFO     | __main__:main:114 - On Monday, the high will be 75 and cloudy.
2025-01-15 20:49:45.948 | INFO     | __main__:main:114 - On Tuesday, the high will be 65 and cloudy.
2025-01-15 20:49:48.950 | INFO     | __main__:main:114 - On Sunday, the high will be 64 and mostly cloudy.
2025-01-15 20:49:51.951 | INFO     | __main__:main:114 - On Sunday, the high will be 79 and sunny.
2025-01-15 20:49:54.953 | INFO     | __main__:main:114 - On Wednesday, the high will be 72 and sunny.
2025-01-15 20:49:57.954 | INFO     | __main__:main:114 - On Thursday, the high will be 72 and partly cloudy.
2025-01-15 20:50:00.957 | INFO     | __main__:main:114 - On Friday, the high will be 80 and mostly cloudy.
2025-01-15 20:50:03.958 | INFO     | __main__:main:114 - On Thursday, the high will be 65 and cloudy.
2025-01-15 20:50:06.962 | INFO     | __main__:main:114 - On Saturday, the high will be 80 and sunny.
2025-01-15 20:50:09.964 | INFO     | __main__:main:114 - On Wednesday, the high will be 64 and partly cloudy.
2025-01-15 20:50:12.965 | INFO     | __main__:main:114 - On Thursday, the high will be 75 and partly cloudy.
2025-01-15 20:50:15.970 | INFO     | __main__:main:114 - On Wednesday, the high will be 79 and mostly cloudy.
2025-01-15 20:50:18.972 | INFO     | __main__:main:114 - On Friday, the high will be 72 and partly cloudy.
2025-01-15 20:50:21.985 | INFO     | __main__:main:114 - On Monday, the high will be 80 and partly cloudy.
2025-01-15 20:50:24.986 | INFO     | __main__:main:114 - On Sunday, the high will be 79 and mostly cloudy.
2025-01-15 20:50:27.989 | INFO     | __main__:main:114 - On Tuesday, the high will be 72 and cloudy.
2025-01-15 20:50:30.991 | INFO     | __main__:main:114 - On Friday, the high will be 65 and cloudy.
2025-01-15 20:50:33.993 | INFO     | __main__:main:114 - On Thursday, the high will be 80 and mostly cloudy.
2025-01-15 20:50:36.996 | INFO     | __main__:main:114 - On Friday, the high will be 75 and sunny.
2025-01-15 20:50:39.998 | INFO     | __main__:main:114 - On Monday, the high will be 65 and partly cloudy.
2025-01-15 20:50:43.001 | INFO     | __main__:main:114 - On Friday, the high will be 79 and mostly cloudy.
2025-01-15 20:50:46.003 | INFO     | __main__:main:114 - On Wednesday, the high will be 72 and mostly cloudy.
2025-01-15 20:50:49.005 | INFO     | __main__:main:114 - On Wednesday, the high will be 75 and cloudy.
2025-01-15 20:50:52.014 | INFO     | __main__:main:114 - On Tuesday, the high will be 72 and cloudy.
2025-01-15 20:50:55.016 | INFO     | __main__:main:114 - On Friday, the high will be 80 and partly cloudy.
2025-01-15 20:50:58.017 | INFO     | __main__:main:114 - On Thursday, the high will be 65 and mostly cloudy.
2025-01-15 20:51:01.019 | INFO     | __main__:main:114 - On Saturday, the high will be 79 and partly cloudy.
2025-01-15 20:51:04.052 | INFO     | __main__:main:114 - On Wednesday, the high will be 75 and mostly cloudy.
2025-01-15 20:51:07.070 | INFO     | __main__:main:114 - On Sunday, the high will be 75 and cloudy.
2025-01-15 20:51:10.072 | INFO     | __main__:main:114 - On Saturday, the high will be 72 and cloudy.
2025-01-15 20:51:13.077 | INFO     | __main__:main:114 - On Monday, the high will be 64 and cloudy.
2025-01-15 20:51:16.080 | INFO     | __main__:main:114 - On Monday, the high will be 72 and partly cloudy.
2025-01-15 20:51:19.081 | INFO     | __main__:main:114 - On Thursday, the high will be 65 and cloudy.
2025-01-15 20:51:22.084 | INFO     | __main__:main:114 - On Saturday, the high will be 79 and partly cloudy.
2025-01-15 20:51:25.086 | INFO     | __main__:main:114 - On Wednesday, the high will be 79 and mostly cloudy.
2025-01-15 20:51:28.087 | INFO     | __main__:main:114 - On Wednesday, the high will be 80 and mostly cloudy.
2025-01-15 20:51:31.089 | INFO     | __main__:main:114 - On Wednesday, the high will be 80 and sunny.
2025-01-15 20:51:34.091 | INFO     | __main__:main:114 - On Friday, the high will be 80 and mostly cloudy.
2025-01-15 20:51:37.093 | INFO     | __main__:main:114 - On Wednesday, the high will be 65 and sunny.
2025-01-15 20:51:40.096 | INFO     | __main__:main:114 - On Friday, the high will be 75 and sunny.
2025-01-15 20:51:43.097 | INFO     | __main__:main:114 - On Sunday, the high will be 65 and mostly cloudy.
2025-01-15 20:51:46.106 | INFO     | __main__:main:114 - On Tuesday, the high will be 65 and cloudy.
2025-01-15 20:51:49.136 | INFO     | __main__:main:114 - On Saturday, the high will be 64 and cloudy.
2025-01-15 20:51:52.137 | INFO     | __main__:main:114 - On Wednesday, the high will be 79 and sunny.
2025-01-15 20:51:55.139 | INFO     | __main__:main:114 - On Friday, the high will be 79 and sunny.
2025-01-15 20:51:58.142 | INFO     | __main__:main:114 - On Saturday, the high will be 64 and sunny.
2025-01-15 20:52:01.145 | INFO     | __main__:main:114 - On Sunday, the high will be 80 and mostly cloudy.
2025-01-15 20:52:04.147 | INFO     | __main__:main:114 - On Thursday, the high will be 65 and mostly cloudy.
2025-01-15 20:52:07.153 | INFO     | __main__:main:114 - On Saturday, the high will be 72 and partly cloudy.
2025-01-15 20:52:10.155 | INFO     | __main__:main:114 - On Saturday, the high will be 75 and cloudy.
2025-01-15 20:52:13.158 | INFO     | __main__:main:114 - On Friday, the high will be 65 and partly cloudy.
2025-01-15 20:52:16.159 | INFO     | __main__:main:114 - On Thursday, the high will be 80 and partly cloudy.
2025-01-15 20:52:19.164 | INFO     | __main__:main:114 - On Friday, the high will be 72 and cloudy.
2025-01-15 20:52:22.167 | INFO     | __main__:main:114 - On Sunday, the high will be 72 and sunny.
2025-01-15 20:52:25.171 | INFO     | __main__:main:114 - On Friday, the high will be 79 and sunny.
2025-01-15 20:52:28.173 | INFO     | __main__:main:114 - On Sunday, the high will be 75 and partly cloudy.
2025-01-15 20:52:31.175 | INFO     | __main__:main:114 - On Saturday, the high will be 75 and partly cloudy.
2025-01-15 20:52:34.177 | INFO     | __main__:main:114 - On Saturday, the high will be 79 and partly cloudy.
2025-01-15 20:52:37.180 | INFO     | __main__:main:114 - On Thursday, the high will be 64 and mostly cloudy.
2025-01-15 20:52:40.182 | INFO     | __main__:main:114 - On Monday, the high will be 79 and partly cloudy.
2025-01-15 20:52:43.195 | INFO     | __main__:main:114 - On Friday, the high will be 75 and sunny.
2025-01-15 20:52:46.196 | INFO     | __main__:main:114 - On Friday, the high will be 65 and sunny.
2025-01-15 20:52:49.198 | INFO     | __main__:main:114 - On Monday, the high will be 75 and partly cloudy.
2025-01-15 20:52:52.200 | INFO     | __main__:main:114 - On Sunday, the high will be 65 and sunny.
2025-01-15 20:52:55.201 | INFO     | __main__:main:114 - On Saturday, the high will be 72 and cloudy.
2025-01-15 20:52:58.204 | INFO     | __main__:main:114 - On Friday, the high will be 80 and sunny.
2025-01-15 20:53:01.206 | INFO     | __main__:main:114 - On Friday, the high will be 64 and partly cloudy.
2025-01-15 20:53:04.208 | INFO     | __main__:main:114 - On Thursday, the high will be 65 and mostly cloudy.
2025-01-15 20:53:07.209 | INFO     | __main__:main:114 - On Sunday, the high will be 79 and partly cloudy.
2025-01-15 20:53:10.211 | INFO     | __main__:main:114 - On Tuesday, the high will be 72 and mostly cloudy.
2025-01-15 20:53:13.214 | INFO     | __main__:main:114 - On Tuesday, the high will be 65 and sunny.
2025-01-15 20:53:16.217 | INFO     | __main__:main:114 - On Friday, the high will be 72 and mostly cloudy.
2025-01-15 20:53:19.219 | INFO     | __main__:main:114 - On Wednesday, the high will be 75 and partly cloudy.
2025-01-15 20:53:22.221 | INFO     | __main__:main:114 - On Sunday, the high will be 72 and partly cloudy.
2025-01-15 20:53:25.223 | INFO     | __main__:main:114 - On Sunday, the high will be 75 and mostly cloudy.
2025-01-15 20:53:28.225 | INFO     | __main__:main:114 - On Monday, the high will be 80 and cloudy.
2025-01-15 20:53:30.890 | INFO     | __main__:main:85 - END.....
2025-01-15 20:53:31.226 | INFO     | __main__:main:114 - On Friday, the high will be 64 and mostly cloudy.
2025-01-15 20:53:34.227 | INFO     | __main__:main:114 - On Monday, the high will be 80 and cloudy.
